2022-06-08 21:54:59.426  INFO 21044 --- [restartedMain] com.example.demo.DemoApplication         : Starting DemoApplication using Java 17.0.2 on DESKTOP-3721SE2 with PID 21044 (D:\E\Java07\UserAccount\demo\target\classes started by Laptop in D:\E\Java07\UserAccount\demo)
2022-06-08 21:54:59.433  INFO 21044 --- [restartedMain] com.example.demo.DemoApplication         : No active profile set, falling back to 1 default profile: "default"
2022-06-08 21:54:59.485  INFO 21044 --- [restartedMain] .e.DevToolsPropertyDefaultsPostProcessor : Devtools property defaults active! Set 'spring.devtools.add-properties' to 'false' to disable
2022-06-08 21:54:59.486  INFO 21044 --- [restartedMain] .e.DevToolsPropertyDefaultsPostProcessor : For additional web related logging consider setting the 'logging.level.web' property to 'DEBUG'
2022-06-08 21:55:00.301  INFO 21044 --- [restartedMain] .s.d.r.c.RepositoryConfigurationDelegate : Bootstrapping Spring Data JPA repositories in DEFAULT mode.
2022-06-08 21:55:00.353  INFO 21044 --- [restartedMain] .s.d.r.c.RepositoryConfigurationDelegate : Finished Spring Data repository scanning in 44 ms. Found 2 JPA repository interfaces.
2022-06-08 21:55:00.977  INFO 21044 --- [restartedMain] o.s.b.w.embedded.tomcat.TomcatWebServer  : Tomcat initialized with port(s): 8080 (http)
2022-06-08 21:55:00.985  INFO 21044 --- [restartedMain] o.apache.catalina.core.StandardService   : Starting service [Tomcat]
2022-06-08 21:55:00.985  INFO 21044 --- [restartedMain] org.apache.catalina.core.StandardEngine  : Starting Servlet engine: [Apache Tomcat/9.0.63]
2022-06-08 21:55:01.047  INFO 21044 --- [restartedMain] o.a.c.c.C.[Tomcat].[localhost].[/]       : Initializing Spring embedded WebApplicationContext
2022-06-08 21:55:01.048  INFO 21044 --- [restartedMain] w.s.c.ServletWebServerApplicationContext : Root WebApplicationContext: initialization completed in 1560 ms
2022-06-08 21:55:01.085  INFO 21044 --- [restartedMain] com.zaxxer.hikari.HikariDataSource       : HikariPool-1 - Starting...
2022-06-08 21:55:01.178  INFO 21044 --- [restartedMain] com.zaxxer.hikari.HikariDataSource       : HikariPool-1 - Start completed.
2022-06-08 21:55:01.201  INFO 21044 --- [restartedMain] o.s.b.a.h2.H2ConsoleAutoConfiguration    : H2 console available at '/h2-console'. Database available at 'jdbc:h2:mem:test'
2022-06-08 21:55:01.455  INFO 21044 --- [restartedMain] o.hibernate.jpa.internal.util.LogHelper  : HHH000204: Processing PersistenceUnitInfo [name: default]
2022-06-08 21:55:01.502  INFO 21044 --- [restartedMain] org.hibernate.Version                    : HHH000412: Hibernate ORM core version 5.6.9.Final
2022-06-08 21:55:01.661  INFO 21044 --- [restartedMain] o.hibernate.annotations.common.Version   : HCANN000001: Hibernate Commons Annotations {5.1.2.Final}
2022-06-08 21:55:01.802  INFO 21044 --- [restartedMain] org.hibernate.dialect.Dialect            : HHH000400: Using dialect: org.hibernate.dialect.H2Dialect
2022-06-08 21:55:02.452  INFO 21044 --- [restartedMain] o.h.e.t.j.p.i.JtaPlatformInitiator       : HHH000490: Using JtaPlatform implementation: [org.hibernate.engine.transaction.jta.platform.internal.NoJtaPlatform]
2022-06-08 21:55:02.462  INFO 21044 --- [restartedMain] j.LocalContainerEntityManagerFactoryBean : Initialized JPA EntityManagerFactory for persistence unit 'default'
2022-06-08 21:55:03.034  WARN 21044 --- [restartedMain] JpaBaseConfiguration$JpaWebConfiguration : spring.jpa.open-in-view is enabled by default. Therefore, database queries may be performed during view rendering. Explicitly configure spring.jpa.open-in-view to disable this warning
2022-06-08 21:55:04.416  INFO 21044 --- [restartedMain] o.s.b.d.a.OptionalLiveReloadServer       : LiveReload server is running on port 35729
2022-06-08 21:55:04.452  INFO 21044 --- [restartedMain] o.s.b.w.embedded.tomcat.TomcatWebServer  : Tomcat started on port(s): 8080 (http) with context path ''
2022-06-08 21:55:04.463  INFO 21044 --- [restartedMain] com.example.demo.DemoApplication         : Started DemoApplication in 5.439 seconds (JVM running for 6.294)
2022-06-08 21:55:21.525  INFO 21044 --- [http-nio-8080-exec-1] o.a.c.c.C.[Tomcat].[localhost].[/]       : Initializing Spring DispatcherServlet 'dispatcherServlet'
2022-06-08 21:55:21.526  INFO 21044 --- [http-nio-8080-exec-1] o.s.web.servlet.DispatcherServlet        : Initializing Servlet 'dispatcherServlet'
2022-06-08 21:55:21.528  INFO 21044 --- [http-nio-8080-exec-1] o.s.web.servlet.DispatcherServlet        : Completed initialization in 2 ms
2022-06-08 21:55:33.223  INFO 21044 --- [http-nio-8080-exec-7] o.springdoc.api.AbstractOpenApiResource  : Init duration for springdoc-openapi is: 304 ms
2022-06-08 21:56:57.087 ERROR 21044 --- [http-nio-8080-exec-2] c.e.demo.exception.HandleException       : Số dư của bạn không đủ thực hiện được giao dịch
2022-06-08 21:56:57.093  WARN 21044 --- [http-nio-8080-exec-2] .m.m.a.ExceptionHandlerExceptionResolver : Resolved [com.example.demo.exception.TradeException: Số dư của bạn không đủ thực hiện được giao dịch]
2022-06-08 22:08:09.465  INFO 21044 --- [SpringApplicationShutdownHook] j.LocalContainerEntityManagerFactoryBean : Closing JPA EntityManagerFactory for persistence unit 'default'
2022-06-08 22:08:09.466  INFO 21044 --- [SpringApplicationShutdownHook] .SchemaDropperImpl$DelayedDropActionImpl : HHH000477: Starting delayed evictData of schema as part of SessionFactory shut-down'
2022-06-08 22:08:09.859  WARN 21044 --- [SpringApplicationShutdownHook] o.s.b.f.support.DisposableBeanAdapter    : Invocation of destroy method failed on bean with name 'inMemoryDatabaseShutdownExecutor': org.h2.jdbc.JdbcSQLNonTransientConnectionException: Database is already closed (to disable automatic closing at VM shutdown, add ";DB_CLOSE_ON_EXIT=FALSE" to the db URL) [90121-212]
2022-06-08 22:08:09.861  INFO 21044 --- [SpringApplicationShutdownHook] com.zaxxer.hikari.HikariDataSource       : HikariPool-1 - Shutdown initiated...
2022-06-08 22:08:09.863  INFO 21044 --- [SpringApplicationShutdownHook] com.zaxxer.hikari.HikariDataSource       : HikariPool-1 - Shutdown completed.
2022-06-08 22:08:16.037  INFO 2368 --- [restartedMain] com.example.demo.DemoApplication         : Starting DemoApplication using Java 17.0.2 on DESKTOP-3721SE2 with PID 2368 (D:\E\Java07\UserAccount\demo\target\classes started by Laptop in D:\E\Java07\UserAccount\demo)
2022-06-08 22:08:16.040  INFO 2368 --- [restartedMain] com.example.demo.DemoApplication         : No active profile set, falling back to 1 default profile: "default"
2022-06-08 22:08:16.096  INFO 2368 --- [restartedMain] .e.DevToolsPropertyDefaultsPostProcessor : Devtools property defaults active! Set 'spring.devtools.add-properties' to 'false' to disable
2022-06-08 22:08:16.096  INFO 2368 --- [restartedMain] .e.DevToolsPropertyDefaultsPostProcessor : For additional web related logging consider setting the 'logging.level.web' property to 'DEBUG'
2022-06-08 22:08:16.976  INFO 2368 --- [restartedMain] .s.d.r.c.RepositoryConfigurationDelegate : Bootstrapping Spring Data JPA repositories in DEFAULT mode.
2022-06-08 22:08:17.022  INFO 2368 --- [restartedMain] .s.d.r.c.RepositoryConfigurationDelegate : Finished Spring Data repository scanning in 37 ms. Found 2 JPA repository interfaces.
2022-06-08 22:08:17.818  INFO 2368 --- [restartedMain] o.s.b.w.embedded.tomcat.TomcatWebServer  : Tomcat initialized with port(s): 8080 (http)
2022-06-08 22:08:17.830  INFO 2368 --- [restartedMain] o.apache.catalina.core.StandardService   : Starting service [Tomcat]
2022-06-08 22:08:17.831  INFO 2368 --- [restartedMain] org.apache.catalina.core.StandardEngine  : Starting Servlet engine: [Apache Tomcat/9.0.63]
2022-06-08 22:08:17.888  INFO 2368 --- [restartedMain] o.a.c.c.C.[Tomcat].[localhost].[/]       : Initializing Spring embedded WebApplicationContext
2022-06-08 22:08:17.888  INFO 2368 --- [restartedMain] w.s.c.ServletWebServerApplicationContext : Root WebApplicationContext: initialization completed in 1791 ms
2022-06-08 22:08:17.944  INFO 2368 --- [restartedMain] com.zaxxer.hikari.HikariDataSource       : HikariPool-1 - Starting...
2022-06-08 22:08:18.027  INFO 2368 --- [restartedMain] com.zaxxer.hikari.HikariDataSource       : HikariPool-1 - Start completed.
2022-06-08 22:08:18.045  INFO 2368 --- [restartedMain] o.s.b.a.h2.H2ConsoleAutoConfiguration    : H2 console available at '/h2-console'. Database available at 'jdbc:h2:mem:test'
2022-06-08 22:08:18.289  INFO 2368 --- [restartedMain] o.hibernate.jpa.internal.util.LogHelper  : HHH000204: Processing PersistenceUnitInfo [name: default]
2022-06-08 22:08:18.321  INFO 2368 --- [restartedMain] org.hibernate.Version                    : HHH000412: Hibernate ORM core version 5.6.9.Final
2022-06-08 22:08:18.402  INFO 2368 --- [restartedMain] o.hibernate.annotations.common.Version   : HCANN000001: Hibernate Commons Annotations {5.1.2.Final}
2022-06-08 22:08:18.464  INFO 2368 --- [restartedMain] org.hibernate.dialect.Dialect            : HHH000400: Using dialect: org.hibernate.dialect.H2Dialect
2022-06-08 22:08:18.971  INFO 2368 --- [restartedMain] o.h.e.t.j.p.i.JtaPlatformInitiator       : HHH000490: Using JtaPlatform implementation: [org.hibernate.engine.transaction.jta.platform.internal.NoJtaPlatform]
2022-06-08 22:08:18.978  INFO 2368 --- [restartedMain] j.LocalContainerEntityManagerFactoryBean : Initialized JPA EntityManagerFactory for persistence unit 'default'
2022-06-08 22:08:19.527  WARN 2368 --- [restartedMain] JpaBaseConfiguration$JpaWebConfiguration : spring.jpa.open-in-view is enabled by default. Therefore, database queries may be performed during view rendering. Explicitly configure spring.jpa.open-in-view to disable this warning
2022-06-08 22:08:21.149  INFO 2368 --- [restartedMain] o.s.b.d.a.OptionalLiveReloadServer       : LiveReload server is running on port 35729
2022-06-08 22:08:21.183  INFO 2368 --- [restartedMain] o.s.b.w.embedded.tomcat.TomcatWebServer  : Tomcat started on port(s): 8080 (http) with context path ''
2022-06-08 22:08:21.195  INFO 2368 --- [restartedMain] com.example.demo.DemoApplication         : Started DemoApplication in 5.643 seconds (JVM running for 6.55)
2022-06-08 22:08:53.148  INFO 2368 --- [http-nio-8080-exec-1] o.a.c.c.C.[Tomcat].[localhost].[/]       : Initializing Spring DispatcherServlet 'dispatcherServlet'
2022-06-08 22:08:53.148  INFO 2368 --- [http-nio-8080-exec-1] o.s.web.servlet.DispatcherServlet        : Initializing Servlet 'dispatcherServlet'
2022-06-08 22:08:53.150  INFO 2368 --- [http-nio-8080-exec-1] o.s.web.servlet.DispatcherServlet        : Completed initialization in 2 ms
2022-06-08 22:08:53.623  INFO 2368 --- [http-nio-8080-exec-4] o.springdoc.api.AbstractOpenApiResource  : Init duration for springdoc-openapi is: 266 ms
2022-06-08 22:09:43.639 ERROR 2368 --- [http-nio-8080-exec-9] c.e.demo.exception.HandleException       : Số dư của bạn không đủ thực hiện được giao dịch
2022-06-08 22:09:43.647  WARN 2368 --- [http-nio-8080-exec-9] .m.m.a.ExceptionHandlerExceptionResolver : Resolved [com.example.demo.exception.TradeException: Số dư của bạn không đủ thực hiện được giao dịch]
2022-06-08 22:11:11.548  INFO 2368 --- [SpringApplicationShutdownHook] j.LocalContainerEntityManagerFactoryBean : Closing JPA EntityManagerFactory for persistence unit 'default'
2022-06-08 22:11:11.549  INFO 2368 --- [SpringApplicationShutdownHook] .SchemaDropperImpl$DelayedDropActionImpl : HHH000477: Starting delayed evictData of schema as part of SessionFactory shut-down'
2022-06-08 22:11:11.949  WARN 2368 --- [SpringApplicationShutdownHook] o.s.b.f.support.DisposableBeanAdapter    : Invocation of destroy method failed on bean with name 'inMemoryDatabaseShutdownExecutor': org.h2.jdbc.JdbcSQLNonTransientConnectionException: Database is already closed (to disable automatic closing at VM shutdown, add ";DB_CLOSE_ON_EXIT=FALSE" to the db URL) [90121-212]
2022-06-08 22:11:11.950  INFO 2368 --- [SpringApplicationShutdownHook] com.zaxxer.hikari.HikariDataSource       : HikariPool-1 - Shutdown initiated...
2022-06-08 22:11:11.953  INFO 2368 --- [SpringApplicationShutdownHook] com.zaxxer.hikari.HikariDataSource       : HikariPool-1 - Shutdown completed.
